# JRE version: Java(TM) SE Runtime Environment (8.0_05-b13) (build 1.8.0_05-b13)
# Java VM: Java HotSpot(TM) 64-Bit Server VM (25.5-b02 mixed mode windows-amd64 compressed oops)
Heap:
 PSYoungGen      total 4608K, used 3871K [0x00000000d5d80000, 0x00000000d6580000, 0x0000000100000000)
  eden space 3072K, 100% used [0x00000000d5d80000,0x00000000d6080000,0x00000000d6080000)
  from space 1536K, 52% used [0x00000000d6080000,0x00000000d6147d00,0x00000000d6200000)
  to   space 1536K, 0% used [0x00000000d6400000,0x00000000d6400000,0x00000000d6580000)
 ParOldGen       total 129536K, used 1916K [0x0000000081800000, 0x0000000089680000, 0x00000000d5d80000)
  object space 129536K, 1% used [0x0000000081800000,0x00000000819df398,0x0000000089680000)
 Metaspace       used 11460K, capacity 11592K, committed 11904K, reserved 1060864K
  class space    used 1340K, capacity 1378K, committed 1408K, reserved 1048576K
GC Heap History (10 events):
Event: 0.390 GC heap before
{Heap before GC invocations=5 (full 0):
 PSYoungGen      total 1536K, used 1534K [0x00000000d5d80000, 0x00000000d5f80000, 0x0000000100000000)
  eden space 1024K, 99% used [0x00000000d5d80000,0x00000000d5e7fa60,0x00000000d5e80000)
  from space 512K, 100% used [0x00000000d5f00000,0x00000000d5f80000,0x00000000d5f80000)
  to   space 512K, 0% used [0x00000000d5e80000,0x00000000d5e80000,0x00000000d5f00000)
 ParOldGen       total 129536K, used 524K [0x0000000081800000, 0x0000000089680000, 0x00000000d5d80000)
  object space 129536K, 0% used [0x0000000081800000,0x0000000081883010,0x0000000089680000)
 Metaspace       used 8125K, capacity 8298K, committed 8448K, reserved 1056768K
  class space    used 952K, capacity 987K, committed 1024K, reserved 1048576K
Event: 0.391 GC heap after
Heap after GC invocations=5 (full 0):
 PSYoungGen      total 1536K, used 512K [0x00000000d5d80000, 0x00000000d6180000, 0x0000000100000000)
  eden space 1024K, 0% used [0x00000000d5d80000,0x00000000d5d80000,0x00000000d5e80000)
  from space 512K, 100% used [0x00000000d5e80000,0x00000000d5f00000,0x00000000d5f00000)
  to   space 1024K, 0% used [0x00000000d6080000,0x00000000d6080000,0x00000000d6180000)
 ParOldGen       total 129536K, used 1044K [0x0000000081800000, 0x0000000089680000, 0x00000000d5d80000)
  object space 129536K, 0% used [0x0000000081800000,0x0000000081905040,0x0000000089680000)
 Metaspace       used 8125K, capacity 8298K, committed 8448K, reserved 1056768K
  class space    used 952K, capacity 987K, committed 1024K, reserved 1048576K
}
Event: 0.550 GC heap before
{Heap before GC invocations=6 (full 0):
 PSYoungGen      total 1536K, used 1513K [0x00000000d5d80000, 0x00000000d6180000, 0x0000000100000000)
  eden space 1024K, 97% used [0x00000000d5d80000,0x00000000d5e7a418,0x00000000d5e80000)
  from space 512K, 100% used [0x00000000d5e80000,0x00000000d5f00000,0x00000000d5f00000)
  to   space 1024K, 0% used [0x00000000d6080000,0x00000000d6080000,0x00000000d6180000)
 ParOldGen       total 129536K, used 1044K [0x0000000081800000, 0x0000000089680000, 0x00000000d5d80000)
  object space 129536K, 0% used [0x0000000081800000,0x0000000081905040,0x0000000089680000)
 Metaspace       used 10114K, capacity 10302K, committed 10624K, reserved 1058816K
  class space    used 1267K, capacity 1312K, committed 1408K, reserved 1048576K
Event: 0.552 GC heap after
Heap after GC invocations=6 (full 0):
 PSYoungGen      total 2560K, used 951K [0x00000000d5d80000, 0x00000000d6280000, 0x0000000100000000)
  eden space 1536K, 0% used [0x00000000d5d80000,0x00000000d5d80000,0x00000000d5f00000)
  from space 1024K, 92% used [0x00000000d6080000,0x00000000d616df00,0x00000000d6180000)
  to   space 1536K, 0% used [0x00000000d5f00000,0x00000000d5f00000,0x00000000d6080000)
 ParOldGen       total 129536K, used 1052K [0x0000000081800000, 0x0000000089680000, 0x00000000d5d80000)
  object space 129536K, 0% used [0x0000000081800000,0x0000000081907040,0x0000000089680000)
 Metaspace       used 10114K, capacity 10302K, committed 10624K, reserved 1058816K
  class space    used 1267K, capacity 1312K, committed 1408K, reserved 1048576K
}
Event: 0.554 GC heap before
{Heap before GC invocations=7 (full 0):
 PSYoungGen      total 2560K, used 1986K [0x00000000d5d80000, 0x00000000d6280000, 0x0000000100000000)
  eden space 1536K, 67% used [0x00000000d5d80000,0x00000000d5e82a40,0x00000000d5f00000)
  from space 1024K, 92% used [0x00000000d6080000,0x00000000d616df00,0x00000000d6180000)
  to   space 1536K, 0% used [0x00000000d5f00000,0x00000000d5f00000,0x00000000d6080000)
 ParOldGen       total 129536K, used 1052K [0x0000000081800000, 0x0000000089680000, 0x00000000d5d80000)
  object space 129536K, 0% used [0x0000000081800000,0x0000000081907040,0x0000000089680000)
 Metaspace       used 10146K, capacity 10334K, committed 10624K, reserved 1058816K
  class space    used 1270K, capacity 1344K, committed 1408K, reserved 1048576K
Event: 0.555 GC heap after
Heap after GC invocations=7 (full 0):
 PSYoungGen      total 3072K, used 1247K [0x00000000d5d80000, 0x00000000d6380000, 0x0000000100000000)
  eden space 1536K, 0% used [0x00000000d5d80000,0x00000000d5d80000,0x00000000d5f00000)
  from space 1536K, 81% used [0x00000000d5f00000,0x00000000d6037c10,0x00000000d6080000)
  to   space 1536K, 0% used [0x00000000d6200000,0x00000000d6200000,0x00000000d6380000)
 ParOldGen       total 129536K, used 1284K [0x0000000081800000, 0x0000000089680000, 0x00000000d5d80000)
  object space 129536K, 0% used [0x0000000081800000,0x0000000081941060,0x0000000089680000)
 Metaspace       used 10146K, capacity 10334K, committed 10624K, reserved 1058816K
  class space    used 1270K, capacity 1344K, committed 1408K, reserved 1048576K
}
Event: 0.585 GC heap before
{Heap before GC invocations=8 (full 0):
 PSYoungGen      total 3072K, used 2783K [0x00000000d5d80000, 0x00000000d6380000, 0x0000000100000000)
  eden space 1536K, 100% used [0x00000000d5d80000,0x00000000d5f00000,0x00000000d5f00000)
  from space 1536K, 81% used [0x00000000d5f00000,0x00000000d6037c10,0x00000000d6080000)
  to   space 1536K, 0% used [0x00000000d6200000,0x00000000d6200000,0x00000000d6380000)
 ParOldGen       total 129536K, used 1284K [0x0000000081800000, 0x0000000089680000, 0x00000000d5d80000)
  object space 129536K, 0% used [0x0000000081800000,0x0000000081941060,0x0000000089680000)
 Metaspace       used 11153K, capacity 11294K, committed 11648K, reserved 1058816K
  class space    used 1312K, capacity 1344K, committed 1408K, reserved 1048576K
Event: 0.586 GC heap after
Heap after GC invocations=8 (full 0):
 PSYoungGen      total 4608K, used 723K [0x00000000d5d80000, 0x00000000d6380000, 0x0000000100000000)
  eden space 3072K, 0% used [0x00000000d5d80000,0x00000000d5d80000,0x00000000d6080000)
  from space 1536K, 47% used [0x00000000d6200000,0x00000000d62b4d30,0x00000000d6380000)
  to   space 1536K, 0% used [0x00000000d6080000,0x00000000d6080000,0x00000000d6200000)
 ParOldGen       total 129536K, used 1456K [0x0000000081800000, 0x0000000089680000, 0x00000000d5d80000)
  object space 129536K, 1% used [0x0000000081800000,0x000000008196c070,0x0000000089680000)
 Metaspace       used 11153K, capacity 11294K, committed 11648K, reserved 1058816K
  class space    used 1312K, capacity 1344K, committed 1408K, reserved 1048576K
}
Event: 0.613 GC heap before
{Heap before GC invocations=9 (full 0):
 PSYoungGen      total 4608K, used 3795K [0x00000000d5d80000, 0x00000000d6380000, 0x0000000100000000)
  eden space 3072K, 100% used [0x00000000d5d80000,0x00000000d6080000,0x00000000d6080000)
  from space 1536K, 47% used [0x00000000d6200000,0x00000000d62b4d30,0x00000000d6380000)
  to   space 1536K, 0% used [0x00000000d6080000,0x00000000d6080000,0x00000000d6200000)
 ParOldGen       total 129536K, used 1456K [0x0000000081800000, 0x0000000089680000, 0x00000000d5d80000)
  object space 129536K, 1% used [0x0000000081800000,0x000000008196c070,0x0000000089680000)
 Metaspace       used 11166K, capacity 11294K, committed 11648K, reserved 1058816K
  class space    used 1312K, capacity 1344K, committed 1408K, reserved 1048576K
Event: 0.615 GC heap after
Heap after GC invocations=9 (full 0):
 PSYoungGen      total 4608K, used 799K [0x00000000d5d80000, 0x00000000d6580000, 0x0000000100000000)
  eden space 3072K, 0% used [0x00000000d5d80000,0x00000000d5d80000,0x00000000d6080000)
  from space 1536K, 52% used [0x00000000d6080000,0x00000000d6147d00,0x00000000d6200000)
  to   space 1536K, 0% used [0x00000000d6400000,0x00000000d6400000,0x00000000d6580000)
 ParOldGen       total 129536K, used 1916K [0x0000000081800000, 0x0000000089680000, 0x00000000d5d80000)
  object space 129536K, 1% used [0x0000000081800000,0x00000000819df398,0x0000000089680000)
 Metaspace       used 11166K, capacity 11294K, committed 11648K, reserved 1058816K
  class space    used 1312K, capacity 1344K, committed 1408K, reserved 1048576K
}

